This file contains any messages produced by compilers while
running configure, to aid debugging if configure makes a mistake.

It was created by PCRE2 configure 10.42, which was
generated by GNU Autoconf 2.71.  Invocation command line was

  $ ./configure

## --------- ##
## Platform. ##
## --------- ##

hostname = kansx-OptiPlex-7000
uname -m = x86_64
uname -r = 6.2.0-33-generic
uname -s = Linux
uname -v = #33~22.04.1-Ubuntu SMP PREEMPT_DYNAMIC Thu Sep  7 10:33:52 UTC 2

/usr/bin/uname -p = x86_64
/bin/uname -X     = unknown

/bin/arch              = x86_64
/usr/bin/arch -k       = unknown
/usr/convex/getsysinfo = unknown
/usr/bin/hostinfo      = unknown
/bin/machine           = unknown
/usr/bin/oslevel       = unknown
/bin/universe          = unknown

PATH: /home/kansx/node_modules/llvm-14.0.0.obj/bin/
PATH: /home/kansx/SVF-Tools/SVF-example/bin/
PATH: /home/kansx/SVF-Tools/SVF-example/bin/
PATH: /home/kansx/node_modules/llvm-14.0.0.obj/bin/
PATH: /home/kansx/node_modules/llvm-14.0.0.obj/bin/
PATH: /home/kansx/SVF-Tools/SVF-example/bin/
PATH: /home/kansx/SVF-Tools/SVF-example/bin/
PATH: /home/kansx/node_modules/llvm-14.0.0.obj/bin/
PATH: /home/kansx/node_modules/llvm-14.0.0.obj/bin/
PATH: /home/kansx/SVF-Tools/SVF-example/bin/
PATH: /home/kansx/SVF-Tools/SVF-example/bin/
PATH: /home/kansx/node_modules/llvm-14.0.0.obj/bin/
PATH: /home/kansx/node_modules/llvm-14.0.0.obj/bin/
PATH: /home/kansx/SVF-Tools/SVF-example/bin/
PATH: /home/kansx/SVF-Tools/SVF-example/bin/
PATH: /home/kansx/node_modules/llvm-14.0.0.obj/bin/
PATH: /home/kansx/node_modules/llvm-14.0.0.obj/bin/
PATH: /home/kansx/SVF-Tools/SVF-example/bin/
PATH: /home/kansx/SVF-Tools/SVF-example/bin/
PATH: /home/kansx/node_modules/llvm-14.0.0.obj/bin/
PATH: /home/kansx/SVF-Tools/SVF-example/bin/
PATH: /home/kansx/SVF-Tools/SVF-example/node_modules/llvm-14.0.0.obj/bin/
PATH: /home/kansx/.vscode-server/bin/6c3e3dba23e8fadc360aed75ce363ba185c49794/bin/remote-cli/
PATH: /usr/local/sbin/
PATH: /usr/local/bin/
PATH: /usr/sbin/
PATH: /usr/bin/
PATH: /sbin/
PATH: /bin/
PATH: /usr/games/
PATH: /usr/local/games/
PATH: /snap/bin/


## ----------- ##
## Core tests. ##
## ----------- ##

configure:2668: looking for aux files: config.guess config.sub ltmain.sh ar-lib compile missing install-sh
configure:2681:  trying ./
configure:2710:   ./config.guess found
configure:2710:   ./config.sub found
configure:2710:   ./ltmain.sh found
configure:2710:   ./ar-lib found
configure:2710:   ./compile found
configure:2710:   ./missing found
configure:2692:   ./install-sh found
configure:2840: checking for a BSD-compatible install
configure:2913: result: /usr/bin/install -c
configure:2924: checking whether build environment is sane
configure:2979: result: yes
configure:3138: checking for a race-free mkdir -p
configure:3182: result: /usr/bin/mkdir -p
configure:3189: checking for gawk
configure:3224: result: no
configure:3189: checking for mawk
configure:3210: found /usr/bin/mawk
configure:3221: result: mawk
configure:3232: checking whether make sets $(MAKE)
configure:3255: result: yes
configure:3285: checking whether make supports nested variables
configure:3303: result: yes
configure:3451: checking whether make supports nested variables
configure:3469: result: yes
configure:3558: checking for gcc
configure:3590: result: wllvm
configure:3943: checking for C compiler version
configure:3952: wllvm --version >&5
clang version 14.0.0
Target: x86_64-unknown-linux-gnu
Thread model: posix
InstalledDir: /home/kansx/node_modules/llvm-14.0.0.obj/bin
configure:3963: $? = 0
configure:3952: wllvm -v >&5
clang version 14.0.0
Target: x86_64-unknown-linux-gnu
Thread model: posix
InstalledDir: /home/kansx/node_modules/llvm-14.0.0.obj/bin
Found candidate GCC installation: /usr/lib/gcc/x86_64-linux-gnu/11
Selected GCC installation: /usr/lib/gcc/x86_64-linux-gnu/11
Candidate multilib: .;@m64
Selected multilib: .;@m64
configure:3963: $? = 0
configure:3952: wllvm -V >&5
WARNING:Did not recognize the compiler flag "-V"
clang-14: error: argument to '-V' is missing (expected 1 value)
clang-14: error: no input files
ERROR:Failed to compile using given arguments: [-V]
configure:3963: $? = 1
configure:3952: wllvm -qversion >&5
WARNING:Did not recognize the compiler flag "-qversion"
clang-14: error: unknown argument '-qversion'; did you mean '--version'?
clang-14: error: no input files
ERROR:Failed to compile using given arguments: [-qversion]
configure:3963: $? = 1
configure:3952: wllvm -version >&5
WARNING:Did not recognize the compiler flag "-version"
clang-14: error: unknown argument '-version'; did you mean '--version'?
clang-14: error: no input files
ERROR:Failed to compile using given arguments: [-version]
configure:3963: $? = 1
configure:3983: checking whether the C compiler works
configure:4005: wllvm    conftest.c  >&5
configure:4009: $? = 0
configure:4059: result: yes
configure:4062: checking for C compiler default output file name
configure:4064: result: a.out
configure:4070: checking for suffix of executables
configure:4077: wllvm -o conftest    conftest.c  >&5
configure:4081: $? = 0
configure:4104: result: 
configure:4126: checking whether we are cross compiling
configure:4134: wllvm -o conftest    conftest.c  >&5
configure:4138: $? = 0
configure:4145: ./conftest
configure:4149: $? = 0
configure:4164: result: no
configure:4169: checking for suffix of object files
configure:4192: wllvm -c   conftest.c >&5
configure:4196: $? = 0
configure:4218: result: o
configure:4222: checking whether the compiler supports GNU C
configure:4242: wllvm -c   conftest.c >&5
configure:4242: $? = 0
configure:4252: result: yes
configure:4263: checking whether wllvm accepts -g
configure:4284: wllvm -c -g  conftest.c >&5
configure:4284: $? = 0
configure:4328: result: yes
configure:4348: checking for wllvm option to enable C11 features
configure:4363: wllvm  -c -g -O2  conftest.c >&5
configure:4363: $? = 0
configure:4381: result: none needed
configure:4497: checking whether wllvm understands -c and -o together
configure:4520: wllvm -c conftest.c -o conftest2.o
configure:4523: $? = 0
configure:4520: wllvm -c conftest.c -o conftest2.o
configure:4523: $? = 0
configure:4535: result: yes
configure:4555: checking whether make supports the include directive
configure:4570: make -f confmf.GNU && cat confinc.out
this is the am__doit target
configure:4573: $? = 0
configure:4592: result: yes (GNU style)
configure:4618: checking dependency style of wllvm
configure:4730: result: gcc3
configure:4751: checking for stdio.h
configure:4751: wllvm -c -g -O2  conftest.c >&5
configure:4751: $? = 0
configure:4751: result: yes
configure:4751: checking for stdlib.h
configure:4751: wllvm -c -g -O2  conftest.c >&5
configure:4751: $? = 0
configure:4751: result: yes
configure:4751: checking for string.h
configure:4751: wllvm -c -g -O2  conftest.c >&5
configure:4751: $? = 0
configure:4751: result: yes
configure:4751: checking for inttypes.h
configure:4751: wllvm -c -g -O2  conftest.c >&5
configure:4751: $? = 0
configure:4751: result: yes
configure:4751: checking for stdint.h
configure:4751: wllvm -c -g -O2  conftest.c >&5
configure:4751: $? = 0
configure:4751: result: yes
configure:4751: checking for strings.h
configure:4751: wllvm -c -g -O2  conftest.c >&5
configure:4751: $? = 0
configure:4751: result: yes
configure:4751: checking for sys/stat.h
configure:4751: wllvm -c -g -O2  conftest.c >&5
configure:4751: $? = 0
configure:4751: result: yes
configure:4751: checking for sys/types.h
configure:4751: wllvm -c -g -O2  conftest.c >&5
configure:4751: $? = 0
configure:4751: result: yes
configure:4751: checking for unistd.h
configure:4751: wllvm -c -g -O2  conftest.c >&5
configure:4751: $? = 0
configure:4751: result: yes
configure:4751: checking for wchar.h
configure:4751: wllvm -c -g -O2  conftest.c >&5
configure:4751: $? = 0
configure:4751: result: yes
configure:4751: checking for minix/config.h
configure:4751: wllvm -c -g -O2  conftest.c >&5
conftest.c:49:10: fatal error: 'minix/config.h' file not found
#include <minix/config.h>
         ^~~~~~~~~~~~~~~~
1 error generated.
ERROR:Failed to compile using given arguments: [-c -g -O2 conftest.c]
configure:4751: $? = 1
configure: failed program was:
| /* confdefs.h */
| #define PACKAGE_NAME "PCRE2"
| #define PACKAGE_TARNAME "pcre2"
| #define PACKAGE_VERSION "10.42"
| #define PACKAGE_STRING "PCRE2 10.42"
| #define PACKAGE_BUGREPORT ""
| #define PACKAGE_URL ""
| #define PACKAGE "pcre2"
| #define VERSION "10.42"
| #define HAVE_STDIO_H 1
| #define HAVE_STDLIB_H 1
| #define HAVE_STRING_H 1
| #define HAVE_INTTYPES_H 1
| #define HAVE_STDINT_H 1
| #define HAVE_STRINGS_H 1
| #define HAVE_SYS_STAT_H 1
| #define HAVE_SYS_TYPES_H 1
| #define HAVE_UNISTD_H 1
| #define HAVE_WCHAR_H 1
| /* end confdefs.h.  */
| #include <stddef.h>
| #ifdef HAVE_STDIO_H
| # include <stdio.h>
| #endif
| #ifdef HAVE_STDLIB_H
| # include <stdlib.h>
| #endif
| #ifdef HAVE_STRING_H
| # include <string.h>
| #endif
| #ifdef HAVE_INTTYPES_H
| # include <inttypes.h>
| #endif
| #ifdef HAVE_STDINT_H
| # include <stdint.h>
| #endif
| #ifdef HAVE_STRINGS_H
| # include <strings.h>
| #endif
| #ifdef HAVE_SYS_TYPES_H
| # include <sys/types.h>
| #endif
| #ifdef HAVE_SYS_STAT_H
| # include <sys/stat.h>
| #endif
| #ifdef HAVE_UNISTD_H
| # include <unistd.h>
| #endif
| #include <minix/config.h>
configure:4751: result: no
configure:4782: checking whether it is safe to define __EXTENSIONS__
configure:4801: wllvm -c -g -O2  conftest.c >&5
configure:4801: $? = 0
configure:4809: result: yes
configure:4812: checking whether _XOPEN_SOURCE should be defined
configure:4834: wllvm -c -g -O2  conftest.c >&5
configure:4834: $? = 0
configure:4861: result: no
configure:4985: checking for ar
configure:5006: found /usr/bin/ar
configure:5017: result: ar
configure:5043: checking the archiver (ar) interface
configure:5060: wllvm -c -O2  conftest.c >&5
configure:5060: $? = 0
configure:5063: ar cru libconftest.a conftest.o >&5
ar: `u' modifier ignored since `D' is the default (see `U')
configure:5066: $? = 0
configure:5094: result: ar
configure:5116: checking for int64_t
configure:5116: wllvm -c -O2  conftest.c >&5
configure:5116: $? = 0
configure:5116: wllvm -c -O2  conftest.c >&5
conftest.c:71:53: warning: overflow in expression; result is -9223372036854775808 with type 'long' [-Winteger-overflow]
                 < (int64_t) (((((int64_t) 1 << N) << N) - 1) * 2 + 2))];
                                                                  ^
conftest.c:70:24: error: 'test_array' declared as an array with a negative size
static int test_array [1 - 2 * !((int64_t) (((((int64_t) 1 << N) << N) - 1) * 2 + 1)
                       ^~~~~~~~~~~~~~~~~~~~~~~~~~~~~~~~~~~~~~~~~~~~~~~~~~~~~~~~~~~~~
1 warning and 1 error generated.
ERROR:Failed to compile using given arguments: [-c -O2 conftest.c]
configure:5116: $? = 1
configure: failed program was:
| /* confdefs.h */
| #define PACKAGE_NAME "PCRE2"
| #define PACKAGE_TARNAME "pcre2"
| #define PACKAGE_VERSION "10.42"
| #define PACKAGE_STRING "PCRE2 10.42"
| #define PACKAGE_BUGREPORT ""
| #define PACKAGE_URL ""
| #define PACKAGE "pcre2"
| #define VERSION "10.42"
| #define HAVE_STDIO_H 1
| #define HAVE_STDLIB_H 1
| #define HAVE_STRING_H 1
| #define HAVE_INTTYPES_H 1
| #define HAVE_STDINT_H 1
| #define HAVE_STRINGS_H 1
| #define HAVE_SYS_STAT_H 1
| #define HAVE_SYS_TYPES_H 1
| #define HAVE_UNISTD_H 1
| #define HAVE_WCHAR_H 1
| #define STDC_HEADERS 1
| #define _ALL_SOURCE 1
| #define _DARWIN_C_SOURCE 1
| #define _GNU_SOURCE 1
| #define _HPUX_ALT_XOPEN_SOCKET_API 1
| #define _NETBSD_SOURCE 1
| #define _OPENBSD_SOURCE 1
| #define _POSIX_PTHREAD_SEMANTICS 1
| #define __STDC_WANT_IEC_60559_ATTRIBS_EXT__ 1
| #define __STDC_WANT_IEC_60559_BFP_EXT__ 1
| #define __STDC_WANT_IEC_60559_DFP_EXT__ 1
| #define __STDC_WANT_IEC_60559_FUNCS_EXT__ 1
| #define __STDC_WANT_IEC_60559_TYPES_EXT__ 1
| #define __STDC_WANT_LIB_EXT2__ 1
| #define __STDC_WANT_MATH_SPEC_FUNCS__ 1
| #define _TANDEM_SOURCE 1
| #define __EXTENSIONS__ 1
| /* end confdefs.h.  */
| #include <stddef.h>
| #ifdef HAVE_STDIO_H
| # include <stdio.h>
| #endif
| #ifdef HAVE_STDLIB_H
| # include <stdlib.h>
| #endif
| #ifdef HAVE_STRING_H
| # include <string.h>
| #endif
| #ifdef HAVE_INTTYPES_H
| # include <inttypes.h>
| #endif
| #ifdef HAVE_STDINT_H
| # include <stdint.h>
| #endif
| #ifdef HAVE_STRINGS_H
| # include <strings.h>
| #endif
| #ifdef HAVE_SYS_TYPES_H
| # include <sys/types.h>
| #endif
| #ifdef HAVE_SYS_STAT_H
| # include <sys/stat.h>
| #endif
| #ifdef HAVE_UNISTD_H
| # include <unistd.h>
| #endif
| 	        enum { N = 64 / 2 - 1 };
| int
| main (void)
| {
| static int test_array [1 - 2 * !((int64_t) (((((int64_t) 1 << N) << N) - 1) * 2 + 1)
| 		 < (int64_t) (((((int64_t) 1 << N) << N) - 1) * 2 + 2))];
| test_array [0] = 0;
| return test_array [0];
| 
|   ;
|   return 0;
| }
configure:5116: result: yes
configure:5159: checking build system type
configure:5174: result: x86_64-pc-linux-gnu
configure:5194: checking host system type
configure:5208: result: x86_64-pc-linux-gnu
configure:5249: checking how to print strings
configure:5276: result: printf
configure:5297: checking for a sed that does not truncate output
configure:5367: result: /usr/bin/sed
configure:5385: checking for grep that handles long lines and -e
configure:5449: result: /usr/bin/grep
configure:5454: checking for egrep
configure:5522: result: /usr/bin/grep -E
configure:5527: checking for fgrep
configure:5595: result: /usr/bin/grep -F
configure:5631: checking for ld used by wllvm
configure:5699: result: /usr/bin/ld
configure:5706: checking if the linker (/usr/bin/ld) is GNU ld
configure:5722: result: yes
configure:5734: checking for BSD- or MS-compatible name lister (nm)
configure:5789: result: /usr/bin/nm -B
configure:5929: checking the name lister (/usr/bin/nm -B) interface
configure:5937: wllvm -c -O2  conftest.c >&5
configure:5940: /usr/bin/nm -B "conftest.o"
configure:5943: output
0000000000000000 B some_variable
configure:5950: result: BSD nm
configure:5953: checking whether ln -s works
configure:5957: result: yes
configure:5965: checking the maximum length of command line arguments
configure:6097: result: 1572864
configure:6145: checking how to convert x86_64-pc-linux-gnu file names to x86_64-pc-linux-gnu format
configure:6186: result: func_convert_file_noop
configure:6193: checking how to convert x86_64-pc-linux-gnu file names to toolchain format
configure:6214: result: func_convert_file_noop
configure:6221: checking for /usr/bin/ld option to reload object files
configure:6229: result: -r
configure:6308: checking for file
configure:6329: found /usr/bin/file
configure:6340: result: file
configure:6416: checking for objdump
configure:6437: found /usr/bin/objdump
configure:6448: result: objdump
configure:6477: checking how to recognize dependent libraries
configure:6678: result: pass_all
configure:6768: checking for dlltool
configure:6803: result: no
configure:6830: checking how to associate runtime and link libraries
configure:6858: result: printf %s\n
configure:7008: checking for archiver @FILE support
configure:7026: wllvm -c -O2  conftest.c >&5
configure:7026: $? = 0
configure:7030: ar cr libconftest.a @conftest.lst >&5
configure:7033: $? = 0
configure:7038: ar cr libconftest.a @conftest.lst >&5
ar: conftest.o: No such file or directory
configure:7041: $? = 1
configure:7053: result: @
configure:7116: checking for strip
configure:7137: found /usr/bin/strip
configure:7148: result: strip
configure:7225: checking for ranlib
configure:7246: found /usr/bin/ranlib
configure:7257: result: ranlib
configure:7359: checking command to parse /usr/bin/nm -B output from wllvm object
configure:7513: wllvm -c -O2  conftest.c >&5
configure:7516: $? = 0
configure:7520: /usr/bin/nm -B conftest.o \| /usr/bin/sed -n -e 's/^.*[ ]\([ABCDGIRSTW][ABCDGIRSTW]*\)[ ][ ]*\([_A-Za-z][_A-Za-z0-9]*\)$/\1 \2 \2/p' | /usr/bin/sed '/ __gnu_lto/d' \> conftest.nm
configure:7523: $? = 0
configure:7589: wllvm -o conftest -O2   conftest.c conftstm.o >&5
configure:7592: $? = 0
configure:7630: result: ok
configure:7677: checking for sysroot
configure:7708: result: no
configure:7715: checking for a working dd
configure:7759: result: /usr/bin/dd
configure:7763: checking how to truncate binary pipes
configure:7779: result: /usr/bin/dd bs=4096 count=1
configure:7916: wllvm -c -O2  conftest.c >&5
configure:7919: $? = 0
configure:8116: checking for mt
configure:8137: found /usr/bin/mt
configure:8148: result: mt
configure:8171: checking if mt is a manifest tool
configure:8178: mt '-?'
configure:8186: result: no
configure:8907: checking for dlfcn.h
configure:8907: wllvm -c -O2  conftest.c >&5
configure:8907: $? = 0
configure:8907: result: yes
configure:9494: checking for objdir
configure:9510: result: .libs
configure:9774: checking if wllvm supports -fno-rtti -fno-exceptions
configure:9793: wllvm -c -O2  -fno-rtti -fno-exceptions conftest.c >&5
configure:9797: $? = 0
configure:9810: result: yes
configure:10168: checking for wllvm option to produce PIC
configure:10176: result: -fPIC -DPIC
configure:10184: checking if wllvm PIC flag -fPIC -DPIC works
configure:10203: wllvm -c -O2  -fPIC -DPIC -DPIC conftest.c >&5
configure:10207: $? = 0
configure:10220: result: yes
configure:10249: checking if wllvm static flag -static works
configure:10278: result: yes
configure:10293: checking if wllvm supports -c -o file.o
configure:10315: wllvm -c -O2  -o out/conftest2.o conftest.c >&5
configure:10319: $? = 0
configure:10341: result: yes
configure:10349: checking if wllvm supports -c -o file.o
configure:10397: result: yes
configure:10430: checking whether the wllvm linker (/usr/bin/ld -m elf_x86_64) supports shared libraries
configure:11698: result: yes
configure:11735: checking whether -lc should be explicitly linked in
configure:11744: wllvm -c -O2  conftest.c >&5
configure:11747: $? = 0
configure:11762: wllvm -shared  -fPIC -DPIC conftest.o  -v -Wl,-soname -Wl,conftest -o conftest 2\>\&1 \| /usr/bin/grep  -lc  \>/dev/null 2\>\&1
configure:11765: $? = 0
configure:11779: result: no
configure:11939: checking dynamic linker characteristics
configure:12521: wllvm -o conftest -O2   -Wl,-rpath -Wl,/foo conftest.c  >&5
configure:12521: $? = 0
configure:12760: result: GNU/Linux ld.so
configure:12882: checking how to hardcode library paths into programs
configure:12907: result: immediate
configure:13459: checking whether stripping libraries is possible
configure:13468: result: yes
configure:13510: checking if libtool supports shared libraries
configure:13512: result: yes
configure:13515: checking whether to build shared libraries
configure:13540: result: yes
configure:13543: checking whether to build static libraries
configure:13547: result: yes
configure:13584: checking whether ln -s works
configure:13588: result: yes
configure:13604: checking for special C compiler options needed for large files
configure:13652: result: no
configure:13658: checking for _FILE_OFFSET_BITS value needed for large files
configure:13684: wllvm -c -O2  conftest.c >&5
configure:13684: $? = 0
configure:13718: result: no
configure:13809: checking whether the -Werror option is usable
configure:13829: wllvm -c -O2 -Werror  conftest.c >&5
configure:13829: $? = 0
configure:13839: result: yes
configure:13841: checking for simple visibility declarations
configure:13869: wllvm -c -O2 -fvisibility=hidden -Werror  conftest.c >&5
configure:13869: $? = 0
configure:13879: result: yes
configure:13909: checking for __attribute__((uninitialized))
configure:13930: wllvm -c -O2 -Werror  conftest.c >&5
configure:13930: $? = 0
configure:13937: result: yes
configure:14510: checking for limits.h
configure:14510: wllvm -c -O2  conftest.c >&5
configure:14510: $? = 0
configure:14510: result: yes
configure:14516: checking for sys/types.h
configure:14516: result: yes
configure:14522: checking for sys/stat.h
configure:14522: result: yes
configure:14528: checking for dirent.h
configure:14528: wllvm -c -O2  conftest.c >&5
configure:14528: $? = 0
configure:14528: result: yes
configure:14537: checking for windows.h
configure:14537: wllvm -c -O2  conftest.c >&5
conftest.c:78:10: fatal error: 'windows.h' file not found
#include <windows.h>
         ^~~~~~~~~~~
1 error generated.
ERROR:Failed to compile using given arguments: [-c -O2 conftest.c]
configure:14537: $? = 1
configure: failed program was:
| /* confdefs.h */
| #define PACKAGE_NAME "PCRE2"
| #define PACKAGE_TARNAME "pcre2"
| #define PACKAGE_VERSION "10.42"
| #define PACKAGE_STRING "PCRE2 10.42"
| #define PACKAGE_BUGREPORT ""
| #define PACKAGE_URL ""
| #define PACKAGE "pcre2"
| #define VERSION "10.42"
| #define HAVE_STDIO_H 1
| #define HAVE_STDLIB_H 1
| #define HAVE_STRING_H 1
| #define HAVE_INTTYPES_H 1
| #define HAVE_STDINT_H 1
| #define HAVE_STRINGS_H 1
| #define HAVE_SYS_STAT_H 1
| #define HAVE_SYS_TYPES_H 1
| #define HAVE_UNISTD_H 1
| #define HAVE_WCHAR_H 1
| #define STDC_HEADERS 1
| #define _ALL_SOURCE 1
| #define _DARWIN_C_SOURCE 1
| #define _GNU_SOURCE 1
| #define _HPUX_ALT_XOPEN_SOCKET_API 1
| #define _NETBSD_SOURCE 1
| #define _OPENBSD_SOURCE 1
| #define _POSIX_PTHREAD_SEMANTICS 1
| #define __STDC_WANT_IEC_60559_ATTRIBS_EXT__ 1
| #define __STDC_WANT_IEC_60559_BFP_EXT__ 1
| #define __STDC_WANT_IEC_60559_DFP_EXT__ 1
| #define __STDC_WANT_IEC_60559_FUNCS_EXT__ 1
| #define __STDC_WANT_IEC_60559_TYPES_EXT__ 1
| #define __STDC_WANT_LIB_EXT2__ 1
| #define __STDC_WANT_MATH_SPEC_FUNCS__ 1
| #define _TANDEM_SOURCE 1
| #define __EXTENSIONS__ 1
| #define HAVE_DLFCN_H 1
| #define LT_OBJDIR ".libs/"
| #define PCRE2_EXP_DECL extern __attribute__ ((visibility ("default")))
| #define PCRE2_EXP_DEFN __attribute__ ((visibility ("default")))
| #define PCRE2POSIX_EXP_DECL extern __attribute__ ((visibility ("default")))
| #define PCRE2POSIX_EXP_DEFN extern __attribute__ ((visibility ("default")))
| #define HAVE_VISIBILITY 1
| #define HAVE_ATTRIBUTE_UNINITIALIZED 1
| #define HAVE_LIMITS_H 1
| #define HAVE_SYS_TYPES_H 1
| #define HAVE_SYS_STAT_H 1
| #define HAVE_DIRENT_H 1
| /* end confdefs.h.  */
| #include <stddef.h>
| #ifdef HAVE_STDIO_H
| # include <stdio.h>
| #endif
| #ifdef HAVE_STDLIB_H
| # include <stdlib.h>
| #endif
| #ifdef HAVE_STRING_H
| # include <string.h>
| #endif
| #ifdef HAVE_INTTYPES_H
| # include <inttypes.h>
| #endif
| #ifdef HAVE_STDINT_H
| # include <stdint.h>
| #endif
| #ifdef HAVE_STRINGS_H
| # include <strings.h>
| #endif
| #ifdef HAVE_SYS_TYPES_H
| # include <sys/types.h>
| #endif
| #ifdef HAVE_SYS_STAT_H
| # include <sys/stat.h>
| #endif
| #ifdef HAVE_UNISTD_H
| # include <unistd.h>
| #endif
| #include <windows.h>
configure:14537: result: no
configure:14547: checking for sys/wait.h
configure:14547: wllvm -c -O2  conftest.c >&5
configure:14547: $? = 0
configure:14547: result: yes
configure:14637: checking for an ANSI C-conforming const
configure:14704: wllvm -c -O2  conftest.c >&5
configure:14704: $? = 0
configure:14712: result: yes
configure:14720: checking for size_t
configure:14720: wllvm -c -O2  conftest.c >&5
configure:14720: $? = 0
configure:14720: wllvm -c -O2  conftest.c >&5
conftest.c:82:21: error: expected expression
if (sizeof ((size_t)))
                    ^
1 error generated.
ERROR:Failed to compile using given arguments: [-c -O2 conftest.c]
configure:14720: $? = 1
configure: failed program was:
| /* confdefs.h */
| #define PACKAGE_NAME "PCRE2"
| #define PACKAGE_TARNAME "pcre2"
| #define PACKAGE_VERSION "10.42"
| #define PACKAGE_STRING "PCRE2 10.42"
| #define PACKAGE_BUGREPORT ""
| #define PACKAGE_URL ""
| #define PACKAGE "pcre2"
| #define VERSION "10.42"
| #define HAVE_STDIO_H 1
| #define HAVE_STDLIB_H 1
| #define HAVE_STRING_H 1
| #define HAVE_INTTYPES_H 1
| #define HAVE_STDINT_H 1
| #define HAVE_STRINGS_H 1
| #define HAVE_SYS_STAT_H 1
| #define HAVE_SYS_TYPES_H 1
| #define HAVE_UNISTD_H 1
| #define HAVE_WCHAR_H 1
| #define STDC_HEADERS 1
| #define _ALL_SOURCE 1
| #define _DARWIN_C_SOURCE 1
| #define _GNU_SOURCE 1
| #define _HPUX_ALT_XOPEN_SOCKET_API 1
| #define _NETBSD_SOURCE 1
| #define _OPENBSD_SOURCE 1
| #define _POSIX_PTHREAD_SEMANTICS 1
| #define __STDC_WANT_IEC_60559_ATTRIBS_EXT__ 1
| #define __STDC_WANT_IEC_60559_BFP_EXT__ 1
| #define __STDC_WANT_IEC_60559_DFP_EXT__ 1
| #define __STDC_WANT_IEC_60559_FUNCS_EXT__ 1
| #define __STDC_WANT_IEC_60559_TYPES_EXT__ 1
| #define __STDC_WANT_LIB_EXT2__ 1
| #define __STDC_WANT_MATH_SPEC_FUNCS__ 1
| #define _TANDEM_SOURCE 1
| #define __EXTENSIONS__ 1
| #define HAVE_DLFCN_H 1
| #define LT_OBJDIR ".libs/"
| #define PCRE2_EXP_DECL extern __attribute__ ((visibility ("default")))
| #define PCRE2_EXP_DEFN __attribute__ ((visibility ("default")))
| #define PCRE2POSIX_EXP_DECL extern __attribute__ ((visibility ("default")))
| #define PCRE2POSIX_EXP_DEFN extern __attribute__ ((visibility ("default")))
| #define HAVE_VISIBILITY 1
| #define HAVE_ATTRIBUTE_UNINITIALIZED 1
| #define HAVE_LIMITS_H 1
| #define HAVE_SYS_TYPES_H 1
| #define HAVE_SYS_STAT_H 1
| #define HAVE_DIRENT_H 1
| #define HAVE_SYS_WAIT_H 1
| /* end confdefs.h.  */
| #include <stddef.h>
| #ifdef HAVE_STDIO_H
| # include <stdio.h>
| #endif
| #ifdef HAVE_STDLIB_H
| # include <stdlib.h>
| #endif
| #ifdef HAVE_STRING_H
| # include <string.h>
| #endif
| #ifdef HAVE_INTTYPES_H
| # include <inttypes.h>
| #endif
| #ifdef HAVE_STDINT_H
| # include <stdint.h>
| #endif
| #ifdef HAVE_STRINGS_H
| # include <strings.h>
| #endif
| #ifdef HAVE_SYS_TYPES_H
| # include <sys/types.h>
| #endif
| #ifdef HAVE_SYS_STAT_H
| # include <sys/stat.h>
| #endif
| #ifdef HAVE_UNISTD_H
| # include <unistd.h>
| #endif
| int
| main (void)
| {
| if (sizeof ((size_t)))
| 	    return 0;
|   ;
|   return 0;
| }
configure:14720: result: yes
configure:14733: checking for bcopy
configure:14733: wllvm -o conftest -O2   conftest.c  >&5
configure:14733: $? = 0
configure:14733: result: yes
configure:14739: checking for memfd_create
configure:14739: wllvm -o conftest -O2   conftest.c  >&5
configure:14739: $? = 0
configure:14739: result: yes
configure:14745: checking for memmove
configure:14745: wllvm -o conftest -O2   conftest.c  >&5
conftest.c:69:6: warning: incompatible redeclaration of library function 'memmove' [-Wincompatible-library-redeclaration]
char memmove ();
     ^
conftest.c:69:6: note: 'memmove' is a builtin with type 'void *(void *, const void *, unsigned long)'
1 warning generated.
conftest.c:69:6: warning: incompatible redeclaration of library function 'memmove' [-Wincompatible-library-redeclaration]
char memmove ();
     ^
conftest.c:69:6: note: 'memmove' is a builtin with type 'void *(void *, const void *, unsigned long)'
1 warning generated.
conftest.c:69:6: warning: incompatible redeclaration of library function 'memmove' [-Wincompatible-library-redeclaration]
char memmove ();
     ^
conftest.c:69:6: note: 'memmove' is a builtin with type 'void *(void *, const void *, unsigned long)'
1 warning generated.
configure:14745: $? = 0
configure:14745: result: yes
configure:14751: checking for mkostemp
configure:14751: wllvm -o conftest -O2   conftest.c  >&5
configure:14751: $? = 0
configure:14751: result: yes
configure:14757: checking for secure_getenv
configure:14757: wllvm -o conftest -O2   conftest.c  >&5
configure:14757: $? = 0
configure:14757: result: yes
configure:14763: checking for strerror
configure:14763: wllvm -o conftest -O2   conftest.c  >&5
conftest.c:72:6: warning: incompatible redeclaration of library function 'strerror' [-Wincompatible-library-redeclaration]
char strerror ();
     ^
conftest.c:72:6: note: 'strerror' is a builtin with type 'char *(int)'
1 warning generated.
conftest.c:72:6: warning: incompatible redeclaration of library function 'strerror' [-Wincompatible-library-redeclaration]
char strerror ();
     ^
conftest.c:72:6: note: 'strerror' is a builtin with type 'char *(int)'
1 warning generated.
conftest.c:72:6: warning: incompatible redeclaration of library function 'strerror' [-Wincompatible-library-redeclaration]
char strerror ();
     ^
conftest.c:72:6: note: 'strerror' is a builtin with type 'char *(int)'
1 warning generated.
configure:14763: $? = 0
configure:14763: result: yes
configure:14770: checking for realpath
configure:14789: wllvm -o conftest -O2   conftest.c  >&5
configure:14789: $? = 0
configure:14791: result: yes
configure:14808: checking for zlib.h
configure:14808: wllvm -c -O2  conftest.c >&5
configure:14808: $? = 0
configure:14808: result: yes
configure:14816: checking for gzopen in -lz
configure:14839: wllvm -o conftest -O2   conftest.c -lz   >&5
configure:14839: $? = 0
configure:14849: result: yes
configure:14875: checking for bzlib.h
configure:14875: wllvm -c -O2  conftest.c >&5
conftest.c:87:10: fatal error: 'bzlib.h' file not found
#include <bzlib.h>
         ^~~~~~~~~
1 error generated.
ERROR:Failed to compile using given arguments: [-c -O2 conftest.c]
configure:14875: $? = 1
configure: failed program was:
| /* confdefs.h */
| #define PACKAGE_NAME "PCRE2"
| #define PACKAGE_TARNAME "pcre2"
| #define PACKAGE_VERSION "10.42"
| #define PACKAGE_STRING "PCRE2 10.42"
| #define PACKAGE_BUGREPORT ""
| #define PACKAGE_URL ""
| #define PACKAGE "pcre2"
| #define VERSION "10.42"
| #define HAVE_STDIO_H 1
| #define HAVE_STDLIB_H 1
| #define HAVE_STRING_H 1
| #define HAVE_INTTYPES_H 1
| #define HAVE_STDINT_H 1
| #define HAVE_STRINGS_H 1
| #define HAVE_SYS_STAT_H 1
| #define HAVE_SYS_TYPES_H 1
| #define HAVE_UNISTD_H 1
| #define HAVE_WCHAR_H 1
| #define STDC_HEADERS 1
| #define _ALL_SOURCE 1
| #define _DARWIN_C_SOURCE 1
| #define _GNU_SOURCE 1
| #define _HPUX_ALT_XOPEN_SOCKET_API 1
| #define _NETBSD_SOURCE 1
| #define _OPENBSD_SOURCE 1
| #define _POSIX_PTHREAD_SEMANTICS 1
| #define __STDC_WANT_IEC_60559_ATTRIBS_EXT__ 1
| #define __STDC_WANT_IEC_60559_BFP_EXT__ 1
| #define __STDC_WANT_IEC_60559_DFP_EXT__ 1
| #define __STDC_WANT_IEC_60559_FUNCS_EXT__ 1
| #define __STDC_WANT_IEC_60559_TYPES_EXT__ 1
| #define __STDC_WANT_LIB_EXT2__ 1
| #define __STDC_WANT_MATH_SPEC_FUNCS__ 1
| #define _TANDEM_SOURCE 1
| #define __EXTENSIONS__ 1
| #define HAVE_DLFCN_H 1
| #define LT_OBJDIR ".libs/"
| #define PCRE2_EXP_DECL extern __attribute__ ((visibility ("default")))
| #define PCRE2_EXP_DEFN __attribute__ ((visibility ("default")))
| #define PCRE2POSIX_EXP_DECL extern __attribute__ ((visibility ("default")))
| #define PCRE2POSIX_EXP_DEFN extern __attribute__ ((visibility ("default")))
| #define HAVE_VISIBILITY 1
| #define HAVE_ATTRIBUTE_UNINITIALIZED 1
| #define HAVE_LIMITS_H 1
| #define HAVE_SYS_TYPES_H 1
| #define HAVE_SYS_STAT_H 1
| #define HAVE_DIRENT_H 1
| #define HAVE_SYS_WAIT_H 1
| #define HAVE_BCOPY 1
| #define HAVE_MEMFD_CREATE 1
| #define HAVE_MEMMOVE 1
| #define HAVE_MKOSTEMP 1
| #define HAVE_SECURE_GETENV 1
| #define HAVE_STRERROR 1
| #define HAVE_REALPATH 1
| #define HAVE_ZLIB_H 1
| /* end confdefs.h.  */
| #include <stddef.h>
| #ifdef HAVE_STDIO_H
| # include <stdio.h>
| #endif
| #ifdef HAVE_STDLIB_H
| # include <stdlib.h>
| #endif
| #ifdef HAVE_STRING_H
| # include <string.h>
| #endif
| #ifdef HAVE_INTTYPES_H
| # include <inttypes.h>
| #endif
| #ifdef HAVE_STDINT_H
| # include <stdint.h>
| #endif
| #ifdef HAVE_STRINGS_H
| # include <strings.h>
| #endif
| #ifdef HAVE_SYS_TYPES_H
| # include <sys/types.h>
| #endif
| #ifdef HAVE_SYS_STAT_H
| # include <sys/stat.h>
| #endif
| #ifdef HAVE_UNISTD_H
| # include <unistd.h>
| #endif
| #include <bzlib.h>
configure:14875: result: no
configure:14888: checking for libbz2
configure:14906: wllvm -o conftest -O2   conftest.c  -lbz2 >&5
conftest.c:66:13: warning: implicit declaration of function 'BZ2_bzopen' is invalid in C99 [-Wimplicit-function-declaration]
return (int)BZ2_bzopen("conftest", "rb");
            ^
1 warning generated.
/usr/bin/ld: cannot find -lbz2: No such file or directory
clang-14: error: linker command failed with exit code 1 (use -v to see invocation)
ERROR:Failed to compile using given arguments: [-o conftest -O2 conftest.c -lbz2]
configure:14906: $? = 1
configure: failed program was:
| /* confdefs.h */
| #define PACKAGE_NAME "PCRE2"
| #define PACKAGE_TARNAME "pcre2"
| #define PACKAGE_VERSION "10.42"
| #define PACKAGE_STRING "PCRE2 10.42"
| #define PACKAGE_BUGREPORT ""
| #define PACKAGE_URL ""
| #define PACKAGE "pcre2"
| #define VERSION "10.42"
| #define HAVE_STDIO_H 1
| #define HAVE_STDLIB_H 1
| #define HAVE_STRING_H 1
| #define HAVE_INTTYPES_H 1
| #define HAVE_STDINT_H 1
| #define HAVE_STRINGS_H 1
| #define HAVE_SYS_STAT_H 1
| #define HAVE_SYS_TYPES_H 1
| #define HAVE_UNISTD_H 1
| #define HAVE_WCHAR_H 1
| #define STDC_HEADERS 1
| #define _ALL_SOURCE 1
| #define _DARWIN_C_SOURCE 1
| #define _GNU_SOURCE 1
| #define _HPUX_ALT_XOPEN_SOCKET_API 1
| #define _NETBSD_SOURCE 1
| #define _OPENBSD_SOURCE 1
| #define _POSIX_PTHREAD_SEMANTICS 1
| #define __STDC_WANT_IEC_60559_ATTRIBS_EXT__ 1
| #define __STDC_WANT_IEC_60559_BFP_EXT__ 1
| #define __STDC_WANT_IEC_60559_DFP_EXT__ 1
| #define __STDC_WANT_IEC_60559_FUNCS_EXT__ 1
| #define __STDC_WANT_IEC_60559_TYPES_EXT__ 1
| #define __STDC_WANT_LIB_EXT2__ 1
| #define __STDC_WANT_MATH_SPEC_FUNCS__ 1
| #define _TANDEM_SOURCE 1
| #define __EXTENSIONS__ 1
| #define HAVE_DLFCN_H 1
| #define LT_OBJDIR ".libs/"
| #define PCRE2_EXP_DECL extern __attribute__ ((visibility ("default")))
| #define PCRE2_EXP_DEFN __attribute__ ((visibility ("default")))
| #define PCRE2POSIX_EXP_DECL extern __attribute__ ((visibility ("default")))
| #define PCRE2POSIX_EXP_DEFN extern __attribute__ ((visibility ("default")))
| #define HAVE_VISIBILITY 1
| #define HAVE_ATTRIBUTE_UNINITIALIZED 1
| #define HAVE_LIMITS_H 1
| #define HAVE_SYS_TYPES_H 1
| #define HAVE_SYS_STAT_H 1
| #define HAVE_DIRENT_H 1
| #define HAVE_SYS_WAIT_H 1
| #define HAVE_BCOPY 1
| #define HAVE_MEMFD_CREATE 1
| #define HAVE_MEMMOVE 1
| #define HAVE_MKOSTEMP 1
| #define HAVE_SECURE_GETENV 1
| #define HAVE_STRERROR 1
| #define HAVE_REALPATH 1
| #define HAVE_ZLIB_H 1
| /* end confdefs.h.  */
| 
| #ifdef HAVE_BZLIB_H
| #include <bzlib.h>
| #endif
| int
| main (void)
| {
| return (int)BZ2_bzopen("conftest", "rb");
|   ;
|   return 0;
| }
configure:14911: result: no
configure:16402: checking whether Intel CET is enabled
configure:16423: wllvm -c -O2  conftest.c >&5
conftest.c:78:3: error: CET is not enabled
# error CET is not enabled
  ^
1 error generated.
ERROR:Failed to compile using given arguments: [-c -O2 conftest.c]
configure:16423: $? = 1
configure: failed program was:
| /* confdefs.h */
| #define PACKAGE_NAME "PCRE2"
| #define PACKAGE_TARNAME "pcre2"
| #define PACKAGE_VERSION "10.42"
| #define PACKAGE_STRING "PCRE2 10.42"
| #define PACKAGE_BUGREPORT ""
| #define PACKAGE_URL ""
| #define PACKAGE "pcre2"
| #define VERSION "10.42"
| #define HAVE_STDIO_H 1
| #define HAVE_STDLIB_H 1
| #define HAVE_STRING_H 1
| #define HAVE_INTTYPES_H 1
| #define HAVE_STDINT_H 1
| #define HAVE_STRINGS_H 1
| #define HAVE_SYS_STAT_H 1
| #define HAVE_SYS_TYPES_H 1
| #define HAVE_UNISTD_H 1
| #define HAVE_WCHAR_H 1
| #define STDC_HEADERS 1
| #define _ALL_SOURCE 1
| #define _DARWIN_C_SOURCE 1
| #define _GNU_SOURCE 1
| #define _HPUX_ALT_XOPEN_SOCKET_API 1
| #define _NETBSD_SOURCE 1
| #define _OPENBSD_SOURCE 1
| #define _POSIX_PTHREAD_SEMANTICS 1
| #define __STDC_WANT_IEC_60559_ATTRIBS_EXT__ 1
| #define __STDC_WANT_IEC_60559_BFP_EXT__ 1
| #define __STDC_WANT_IEC_60559_DFP_EXT__ 1
| #define __STDC_WANT_IEC_60559_FUNCS_EXT__ 1
| #define __STDC_WANT_IEC_60559_TYPES_EXT__ 1
| #define __STDC_WANT_LIB_EXT2__ 1
| #define __STDC_WANT_MATH_SPEC_FUNCS__ 1
| #define _TANDEM_SOURCE 1
| #define __EXTENSIONS__ 1
| #define HAVE_DLFCN_H 1
| #define LT_OBJDIR ".libs/"
| #define PCRE2_EXP_DECL extern __attribute__ ((visibility ("default")))
| #define PCRE2_EXP_DEFN __attribute__ ((visibility ("default")))
| #define PCRE2POSIX_EXP_DECL extern __attribute__ ((visibility ("default")))
| #define PCRE2POSIX_EXP_DEFN extern __attribute__ ((visibility ("default")))
| #define HAVE_VISIBILITY 1
| #define HAVE_ATTRIBUTE_UNINITIALIZED 1
| #define HAVE_LIMITS_H 1
| #define HAVE_SYS_TYPES_H 1
| #define HAVE_SYS_STAT_H 1
| #define HAVE_DIRENT_H 1
| #define HAVE_SYS_WAIT_H 1
| #define HAVE_BCOPY 1
| #define HAVE_MEMFD_CREATE 1
| #define HAVE_MEMMOVE 1
| #define HAVE_MKOSTEMP 1
| #define HAVE_SECURE_GETENV 1
| #define HAVE_STRERROR 1
| #define HAVE_REALPATH 1
| #define HAVE_ZLIB_H 1
| #define SUPPORT_PCRE2_8 /**/
| #define SUPPORT_PCRE2GREP_CALLOUT_FORK /**/
| #define SUPPORT_PCRE2GREP_CALLOUT /**/
| #define SUPPORT_UNICODE /**/
| #define PCRE2GREP_BUFSIZE 20480
| #define PCRE2GREP_MAX_BUFSIZE 1048576
| #define NEWLINE_DEFAULT 2
| #define LINK_SIZE 2
| #define PARENS_NEST_LIMIT 250
| #define MATCH_LIMIT 10000000
| #define MATCH_LIMIT_DEPTH MATCH_LIMIT
| #define HEAP_LIMIT 20000000
| #define MAX_NAME_SIZE 32
| #define MAX_NAME_COUNT 10000
| /* end confdefs.h.  */
| 
| int
| main (void)
| {
| #ifndef __CET__
| # error CET is not enabled
| #endif
|   ;
|   return 0;
| }
configure:16430: result: no
configure:16562: checking that generated files are newer than configure
configure:16568: result: done
configure:16631: creating ./config.status

## ---------------------- ##
## Running config.status. ##
## ---------------------- ##

This file was extended by PCRE2 config.status 10.42, which was
generated by GNU Autoconf 2.71.  Invocation command line was

  CONFIG_FILES    = 
  CONFIG_HEADERS  = 
  CONFIG_LINKS    = 
  CONFIG_COMMANDS = 
  $ ./config.status 

on kansx-OptiPlex-7000

config.status:1198: creating Makefile
config.status:1198: creating libpcre2-8.pc
config.status:1198: creating libpcre2-16.pc
config.status:1198: creating libpcre2-32.pc
config.status:1198: creating libpcre2-posix.pc
config.status:1198: creating pcre2-config
config.status:1198: creating src/pcre2.h
config.status:1198: creating src/config.h
config.status:1427: executing depfiles commands
config.status:1504: cd .       && sed -e '/# am--include-marker/d' Makefile         | make -f - am--depfiles
config.status:1509: $? = 0
config.status:1427: executing libtool commands
config.status:1427: executing script-chmod commands
config.status:1427: executing delete-old-chartables commands

## ---------------- ##
## Cache variables. ##
## ---------------- ##

ac_cv_build=x86_64-pc-linux-gnu
ac_cv_c_compiler_gnu=yes
ac_cv_c_const=yes
ac_cv_c_int64_t=yes
ac_cv_env_CC_set=set
ac_cv_env_CC_value=wllvm
ac_cv_env_CFLAGS_set=
ac_cv_env_CFLAGS_value=
ac_cv_env_CPPFLAGS_set=
ac_cv_env_CPPFLAGS_value=
ac_cv_env_GENHTML_set=
ac_cv_env_GENHTML_value=
ac_cv_env_LCOV_set=
ac_cv_env_LCOV_value=
ac_cv_env_LDFLAGS_set=
ac_cv_env_LDFLAGS_value=
ac_cv_env_LIBS_set=
ac_cv_env_LIBS_value=
ac_cv_env_LT_SYS_LIBRARY_PATH_set=
ac_cv_env_LT_SYS_LIBRARY_PATH_value=
ac_cv_env_PKG_CONFIG_LIBDIR_set=
ac_cv_env_PKG_CONFIG_LIBDIR_value=
ac_cv_env_PKG_CONFIG_PATH_set=
ac_cv_env_PKG_CONFIG_PATH_value=
ac_cv_env_PKG_CONFIG_set=
ac_cv_env_PKG_CONFIG_value=
ac_cv_env_VALGRIND_CFLAGS_set=
ac_cv_env_VALGRIND_CFLAGS_value=
ac_cv_env_VALGRIND_LIBS_set=
ac_cv_env_VALGRIND_LIBS_value=
ac_cv_env_build_alias_set=
ac_cv_env_build_alias_value=
ac_cv_env_host_alias_set=
ac_cv_env_host_alias_value=
ac_cv_env_target_alias_set=
ac_cv_env_target_alias_value=
ac_cv_func_bcopy=yes
ac_cv_func_memfd_create=yes
ac_cv_func_memmove=yes
ac_cv_func_mkostemp=yes
ac_cv_func_secure_getenv=yes
ac_cv_func_strerror=yes
ac_cv_header_bzlib_h=no
ac_cv_header_dirent_h=yes
ac_cv_header_dlfcn_h=yes
ac_cv_header_inttypes_h=yes
ac_cv_header_limits_h=yes
ac_cv_header_minix_config_h=no
ac_cv_header_stdint_h=yes
ac_cv_header_stdio_h=yes
ac_cv_header_stdlib_h=yes
ac_cv_header_string_h=yes
ac_cv_header_strings_h=yes
ac_cv_header_sys_stat_h=yes
ac_cv_header_sys_types_h=yes
ac_cv_header_sys_wait_h=yes
ac_cv_header_unistd_h=yes
ac_cv_header_wchar_h=yes
ac_cv_header_windows_h=no
ac_cv_header_zlib_h=yes
ac_cv_host=x86_64-pc-linux-gnu
ac_cv_lib_z_gzopen=yes
ac_cv_objext=o
ac_cv_path_EGREP='/usr/bin/grep -E'
ac_cv_path_FGREP='/usr/bin/grep -F'
ac_cv_path_GREP=/usr/bin/grep
ac_cv_path_SED=/usr/bin/sed
ac_cv_path_install='/usr/bin/install -c'
ac_cv_path_lt_DD=/usr/bin/dd
ac_cv_path_mkdir=/usr/bin/mkdir
ac_cv_prog_AWK=mawk
ac_cv_prog_ac_ct_AR=ar
ac_cv_prog_ac_ct_CC=wllvm
ac_cv_prog_ac_ct_FILECMD=file
ac_cv_prog_ac_ct_MANIFEST_TOOL=mt
ac_cv_prog_ac_ct_OBJDUMP=objdump
ac_cv_prog_ac_ct_RANLIB=ranlib
ac_cv_prog_ac_ct_STRIP=strip
ac_cv_prog_cc_c11=
ac_cv_prog_cc_g=yes
ac_cv_prog_cc_stdc=
ac_cv_prog_make_make_set=yes
ac_cv_safe_to_define___extensions__=yes
ac_cv_should_define__xopen_source=no
ac_cv_sys_file_offset_bits=no
ac_cv_sys_largefile_CC=no
ac_cv_type_size_t=yes
am_cv_CC_dependencies_compiler_type=gcc3
am_cv_ar_interface=ar
am_cv_make_support_nested_variables=yes
am_cv_prog_cc_c_o=yes
lt_cv_ar_at_file=@
lt_cv_archive_cmds_need_lc=no
lt_cv_deplibs_check_method=pass_all
lt_cv_file_magic_cmd='$MAGIC_CMD'
lt_cv_file_magic_test_file=
lt_cv_ld_reload_flag=-r
lt_cv_nm_interface='BSD nm'
lt_cv_objdir=.libs
lt_cv_path_LD=/usr/bin/ld
lt_cv_path_NM='/usr/bin/nm -B'
lt_cv_path_mainfest_tool=no
lt_cv_prog_compiler_c_o=yes
lt_cv_prog_compiler_pic='-fPIC -DPIC'
lt_cv_prog_compiler_pic_works=yes
lt_cv_prog_compiler_rtti_exceptions=yes
lt_cv_prog_compiler_static_works=yes
lt_cv_prog_gnu_ld=yes
lt_cv_sharedlib_from_linklib_cmd='printf %s\n'
lt_cv_shlibpath_overrides_runpath=yes
lt_cv_sys_global_symbol_pipe='/usr/bin/sed -n -e '\''s/^.*[	 ]\([ABCDGIRSTW][ABCDGIRSTW]*\)[	 ][	 ]*\([_A-Za-z][_A-Za-z0-9]*\)$/\1 \2 \2/p'\'' | /usr/bin/sed '\''/ __gnu_lto/d'\'''
lt_cv_sys_global_symbol_to_c_name_address='/usr/bin/sed -n -e '\''s/^: \(.*\) .*$/  {"\1", (void *) 0},/p'\'' -e '\''s/^[ABCDGIRSTW][ABCDGIRSTW]* .* \(.*\)$/  {"\1", (void *) \&\1},/p'\'''
lt_cv_sys_global_symbol_to_c_name_address_lib_prefix='/usr/bin/sed -n -e '\''s/^: \(.*\) .*$/  {"\1", (void *) 0},/p'\'' -e '\''s/^[ABCDGIRSTW][ABCDGIRSTW]* .* \(lib.*\)$/  {"\1", (void *) \&\1},/p'\'' -e '\''s/^[ABCDGIRSTW][ABCDGIRSTW]* .* \(.*\)$/  {"lib\1", (void *) \&\1},/p'\'''
lt_cv_sys_global_symbol_to_cdecl='/usr/bin/sed -n -e '\''s/^T .* \(.*\)$/extern int \1();/p'\'' -e '\''s/^[ABCDGIRSTW][ABCDGIRSTW]* .* \(.*\)$/extern char \1;/p'\'''
lt_cv_sys_global_symbol_to_import=
lt_cv_sys_max_cmd_len=1572864
lt_cv_to_host_file_cmd=func_convert_file_noop
lt_cv_to_tool_file_cmd=func_convert_file_noop
lt_cv_truncate_bin='/usr/bin/dd bs=4096 count=1'
pcre2_cc_cv_attribute_uninitialized=yes
pcre2_cc_cv_intel_cet_enabled=no
pcre2_cv_cc_vis_werror=yes
pcre2_cv_cc_visibility=yes

## ----------------- ##
## Output variables. ##
## ----------------- ##

ACLOCAL='${SHELL} '\''/home/kansx/Downloads/pcre2-10.42/missing'\'' aclocal-1.16'
AMDEPBACKSLASH='\'
AMDEP_FALSE='#'
AMDEP_TRUE=''
AMTAR='$${TAR-tar}'
AM_BACKSLASH='\'
AM_DEFAULT_V='$(AM_DEFAULT_VERBOSITY)'
AM_DEFAULT_VERBOSITY='0'
AM_V='$(V)'
AR='ar'
AS='as'
AUTOCONF='${SHELL} '\''/home/kansx/Downloads/pcre2-10.42/missing'\'' autoconf'
AUTOHEADER='${SHELL} '\''/home/kansx/Downloads/pcre2-10.42/missing'\'' autoheader'
AUTOMAKE='${SHELL} '\''/home/kansx/Downloads/pcre2-10.42/missing'\'' automake-1.16'
AWK='mawk'
CC='wllvm'
CCDEPMODE='depmode=gcc3'
CET_CFLAGS=''
CFLAGS='-O2'
CPPFLAGS=''
CSCOPE='cscope'
CTAGS='ctags'
CYGPATH_W='echo'
DEFS='-DHAVE_CONFIG_H'
DEPDIR='.deps'
DISTCHECK_CONFIGURE_FLAGS='CFLAGS='\'''\'' CXXFLAGS='\'''\'' --enable-pcre2-16 --enable-pcre2-32 --enable-jit'
DLLTOOL='false'
DSYMUTIL=''
DUMPBIN=''
ECHO_C=''
ECHO_N='-n'
ECHO_T=''
EGREP='/usr/bin/grep -E'
ETAGS='etags'
EXEEXT=''
EXTRA_LIBPCRE2_16_LDFLAGS='    -version-info 11:2:11'
EXTRA_LIBPCRE2_32_LDFLAGS='    -version-info 11:2:11'
EXTRA_LIBPCRE2_8_LDFLAGS='    -version-info 11:2:11'
EXTRA_LIBPCRE2_POSIX_LDFLAGS='    -version-info 3:4:0'
FGREP='/usr/bin/grep -F'
FILECMD='file'
GCOV_CFLAGS=''
GCOV_CXXFLAGS=''
GCOV_LIBS=''
GENHTML=''
GREP='/usr/bin/grep'
HAVE_VISIBILITY='1'
INSTALL_DATA='${INSTALL} -m 644'
INSTALL_PROGRAM='${INSTALL}'
INSTALL_SCRIPT='${INSTALL}'
INSTALL_STRIP_PROGRAM='$(install_sh) -c -s'
LCOV=''
LD='/usr/bin/ld -m elf_x86_64'
LDFLAGS=''
LIBBZ2=''
LIBOBJS=''
LIBREADLINE=''
LIBS=''
LIBTOOL='$(SHELL) $(top_builddir)/libtool'
LIBZ=''
LIB_POSTFIX=''
LIPO=''
LN_S='ln -s'
LTLIBOBJS=''
LT_SYS_LIBRARY_PATH=''
MAKEINFO='${SHELL} '\''/home/kansx/Downloads/pcre2-10.42/missing'\'' makeinfo'
MANIFEST_TOOL=':'
MKDIR_P='/usr/bin/mkdir -p'
NM='/usr/bin/nm -B'
NMEDIT=''
OBJDUMP='objdump'
OBJEXT='o'
OTOOL64=''
OTOOL=''
PACKAGE='pcre2'
PACKAGE_BUGREPORT=''
PACKAGE_NAME='PCRE2'
PACKAGE_STRING='PCRE2 10.42'
PACKAGE_TARNAME='pcre2'
PACKAGE_URL=''
PACKAGE_VERSION='10.42'
PATH_SEPARATOR=':'
PCRE2_DATE='2022-12-11'
PCRE2_MAJOR='10'
PCRE2_MINOR='42'
PCRE2_PRERELEASE=''
PCRE2_STATIC_CFLAG=''
PKG_CONFIG=''
PKG_CONFIG_LIBDIR=''
PKG_CONFIG_PATH=''
PTHREAD_CC=''
PTHREAD_CFLAGS=''
PTHREAD_LIBS=''
RANLIB='ranlib'
SED='/usr/bin/sed'
SET_MAKE=''
SHELL='/bin/bash'
SHTOOL=''
STRIP='strip'
VALGRIND_CFLAGS=''
VALGRIND_LIBS=''
VERSION='10.42'
VISIBILITY_CFLAGS='-fvisibility=hidden'
VISIBILITY_CXXFLAGS='-fvisibility=hidden -fvisibility-inlines-hidden'
WITH_DEBUG_FALSE=''
WITH_DEBUG_TRUE='#'
WITH_FUZZ_SUPPORT_FALSE=''
WITH_FUZZ_SUPPORT_TRUE='#'
WITH_GCOV_FALSE=''
WITH_GCOV_TRUE='#'
WITH_JIT_FALSE=''
WITH_JIT_TRUE='#'
WITH_PCRE2_16_FALSE=''
WITH_PCRE2_16_TRUE='#'
WITH_PCRE2_32_FALSE=''
WITH_PCRE2_32_TRUE='#'
WITH_PCRE2_8_FALSE='#'
WITH_PCRE2_8_TRUE=''
WITH_REBUILD_CHARTABLES_FALSE=''
WITH_REBUILD_CHARTABLES_TRUE='#'
WITH_UNICODE_FALSE='#'
WITH_UNICODE_TRUE=''
WITH_VALGRIND_FALSE=''
WITH_VALGRIND_TRUE='#'
ac_ct_AR='ar'
ac_ct_CC='wllvm'
ac_ct_DUMPBIN=''
am__EXEEXT_FALSE=''
am__EXEEXT_TRUE='#'
am__fastdepCC_FALSE='#'
am__fastdepCC_TRUE=''
am__include='include'
am__isrc=''
am__leading_dot='.'
am__nodep='_no'
am__quote=''
am__tar='$${TAR-tar} chof - "$$tardir"'
am__untar='$${TAR-tar} xf -'
ax_pthread_config=''
bindir='${exec_prefix}/bin'
build='x86_64-pc-linux-gnu'
build_alias=''
build_cpu='x86_64'
build_os='linux-gnu'
build_vendor='pc'
datadir='${datarootdir}'
datarootdir='${prefix}/share'
docdir='${datarootdir}/doc/${PACKAGE_TARNAME}'
dvidir='${docdir}'
enable_pcre2_16='no'
enable_pcre2_32='no'
enable_pcre2_8='yes'
exec_prefix='${prefix}'
host='x86_64-pc-linux-gnu'
host_alias=''
host_cpu='x86_64'
host_os='linux-gnu'
host_vendor='pc'
htmldir='${docdir}/html'
includedir='${prefix}/include'
infodir='${datarootdir}/info'
install_sh='${SHELL} /home/kansx/Downloads/pcre2-10.42/install-sh'
libdir='${exec_prefix}/lib'
libexecdir='${exec_prefix}/libexec'
localedir='${datarootdir}/locale'
localstatedir='${prefix}/var'
mandir='${datarootdir}/man'
mkdir_p='$(MKDIR_P)'
oldincludedir='/usr/include'
pdfdir='${docdir}'
prefix='/usr/local'
program_transform_name='s,x,x,'
psdir='${docdir}'
runstatedir='${localstatedir}/run'
sbindir='${exec_prefix}/sbin'
sharedstatedir='${prefix}/com'
sysconfdir='${prefix}/etc'
target_alias=''

## ----------- ##
## confdefs.h. ##
## ----------- ##

/* confdefs.h */
#define PACKAGE_NAME "PCRE2"
#define PACKAGE_TARNAME "pcre2"
#define PACKAGE_VERSION "10.42"
#define PACKAGE_STRING "PCRE2 10.42"
#define PACKAGE_BUGREPORT ""
#define PACKAGE_URL ""
#define PACKAGE "pcre2"
#define VERSION "10.42"
#define HAVE_STDIO_H 1
#define HAVE_STDLIB_H 1
#define HAVE_STRING_H 1
#define HAVE_INTTYPES_H 1
#define HAVE_STDINT_H 1
#define HAVE_STRINGS_H 1
#define HAVE_SYS_STAT_H 1
#define HAVE_SYS_TYPES_H 1
#define HAVE_UNISTD_H 1
#define HAVE_WCHAR_H 1
#define STDC_HEADERS 1
#define _ALL_SOURCE 1
#define _DARWIN_C_SOURCE 1
#define _GNU_SOURCE 1
#define _HPUX_ALT_XOPEN_SOCKET_API 1
#define _NETBSD_SOURCE 1
#define _OPENBSD_SOURCE 1
#define _POSIX_PTHREAD_SEMANTICS 1
#define __STDC_WANT_IEC_60559_ATTRIBS_EXT__ 1
#define __STDC_WANT_IEC_60559_BFP_EXT__ 1
#define __STDC_WANT_IEC_60559_DFP_EXT__ 1
#define __STDC_WANT_IEC_60559_FUNCS_EXT__ 1
#define __STDC_WANT_IEC_60559_TYPES_EXT__ 1
#define __STDC_WANT_LIB_EXT2__ 1
#define __STDC_WANT_MATH_SPEC_FUNCS__ 1
#define _TANDEM_SOURCE 1
#define __EXTENSIONS__ 1
#define HAVE_DLFCN_H 1
#define LT_OBJDIR ".libs/"
#define PCRE2_EXP_DECL extern __attribute__ ((visibility ("default")))
#define PCRE2_EXP_DEFN __attribute__ ((visibility ("default")))
#define PCRE2POSIX_EXP_DECL extern __attribute__ ((visibility ("default")))
#define PCRE2POSIX_EXP_DEFN extern __attribute__ ((visibility ("default")))
#define HAVE_VISIBILITY 1
#define HAVE_ATTRIBUTE_UNINITIALIZED 1
#define HAVE_LIMITS_H 1
#define HAVE_SYS_TYPES_H 1
#define HAVE_SYS_STAT_H 1
#define HAVE_DIRENT_H 1
#define HAVE_SYS_WAIT_H 1
#define HAVE_BCOPY 1
#define HAVE_MEMFD_CREATE 1
#define HAVE_MEMMOVE 1
#define HAVE_MKOSTEMP 1
#define HAVE_SECURE_GETENV 1
#define HAVE_STRERROR 1
#define HAVE_REALPATH 1
#define HAVE_ZLIB_H 1
#define SUPPORT_PCRE2_8 /**/
#define SUPPORT_PCRE2GREP_CALLOUT_FORK /**/
#define SUPPORT_PCRE2GREP_CALLOUT /**/
#define SUPPORT_UNICODE /**/
#define PCRE2GREP_BUFSIZE 20480
#define PCRE2GREP_MAX_BUFSIZE 1048576
#define NEWLINE_DEFAULT 2
#define LINK_SIZE 2
#define PARENS_NEST_LIMIT 250
#define MATCH_LIMIT 10000000
#define MATCH_LIMIT_DEPTH MATCH_LIMIT
#define HEAP_LIMIT 20000000
#define MAX_NAME_SIZE 32
#define MAX_NAME_COUNT 10000

configure: exit 0
